app/build/intermediates/manifest_merge_blame_file/debug/manifest-merger-blame-debug-report.txt
1<?xml version="1.0" encoding="utf-8"?>
2<manifest xmlns:android="http://schemas.android.com/apk/res/android"
3    package="de.mwvb.blockpuzzle"
4    android:versionCode="50"
5    android:versionName="5.0" >
6
7    <uses-sdk
8        android:minSdkVersion="19"
8-->src\main\AndroidManifest.xml
9        android:targetSdkVersion="30" />
9-->src\main\AndroidManifest.xml
10
11    <application
11-->src\main\AndroidManifest.xml:5:5-55:19
12        android:name="de.mwvb.blockpuzzle.App"
12-->src\main\AndroidManifest.xml:6:9-28
13        android:allowBackup="true"
13-->src\main\AndroidManifest.xml:7:9-35
14        android:appComponentFactory="androidx.core.app.CoreComponentFactory"
14-->[androidx.core:core:1.3.1] AndroidManifest.xml:24:18-86
15        android:debuggable="true"
16        android:icon="@mipmap/ic_launcher"
16-->src\main\AndroidManifest.xml:8:9-43
17        android:label="@string/app_name"
17-->src\main\AndroidManifest.xml:9:9-41
18        android:roundIcon="@mipmap/ic_launcher_round"
18-->src\main\AndroidManifest.xml:10:9-54
19        android:supportsRtl="true"
19-->src\main\AndroidManifest.xml:11:9-35
20        android:testOnly="true"
21        android:theme="@style/AppTheme" >
21-->src\main\AndroidManifest.xml:12:9-40
22        <activity
22-->src\main\AndroidManifest.xml:13:9-22:20
23            android:name="de.mwvb.blockpuzzle.StartScreenActivity"
23-->src\main\AndroidManifest.xml:14:13-48
24            android:screenOrientation="portrait"
24-->src\main\AndroidManifest.xml:15:13-49
25            android:theme="@style/Theme.AppCompat.Light.NoActionBar" >
25-->src\main\AndroidManifest.xml:16:13-69
26            <intent-filter>
26-->src\main\AndroidManifest.xml:17:13-21:29
27                <action android:name="android.intent.action.MAIN" />
27-->src\main\AndroidManifest.xml:18:17-69
27-->src\main\AndroidManifest.xml:18:25-66
28
29                <category android:name="android.intent.category.LAUNCHER" />
29-->src\main\AndroidManifest.xml:20:17-77
29-->src\main\AndroidManifest.xml:20:27-74
30            </intent-filter>
31        </activity>
32        <activity
32-->src\main\AndroidManifest.xml:23:9-26:72
33            android:name="de.mwvb.blockpuzzle.BridgeActivity"
33-->src\main\AndroidManifest.xml:24:13-43
34            android:screenOrientation="portrait"
34-->src\main\AndroidManifest.xml:25:13-49
35            android:theme="@style/Theme.AppCompat.Light.NoActionBar" />
35-->src\main\AndroidManifest.xml:26:13-69
36        <activity
36-->src\main\AndroidManifest.xml:27:9-30:72
37            android:name="de.mwvb.blockpuzzle.NavigationActivity"
37-->src\main\AndroidManifest.xml:28:13-47
38            android:screenOrientation="portrait"
38-->src\main\AndroidManifest.xml:29:13-49
39            android:theme="@style/Theme.AppCompat.Light.NoActionBar" />
39-->src\main\AndroidManifest.xml:30:13-69
40        <activity
40-->src\main\AndroidManifest.xml:31:9-34:72
41            android:name="de.mwvb.blockpuzzle.MainActivity"
41-->src\main\AndroidManifest.xml:32:13-41
42            android:screenOrientation="portrait"
42-->src\main\AndroidManifest.xml:33:13-49
43            android:theme="@style/Theme.AppCompat.Light.NoActionBar" />
43-->src\main\AndroidManifest.xml:34:13-69
44        <activity
44-->src\main\AndroidManifest.xml:35:9-38:72
45            android:name="de.mwvb.blockpuzzle.DataMarketActivity"
45-->src\main\AndroidManifest.xml:36:13-47
46            android:screenOrientation="portrait"
46-->src\main\AndroidManifest.xml:37:13-49
47            android:theme="@style/Theme.AppCompat.Light.NoActionBar" />
47-->src\main\AndroidManifest.xml:38:13-69
48        <activity
48-->src\main\AndroidManifest.xml:39:9-42:72
49            android:name="de.mwvb.blockpuzzle.PlayerNameActivity"
49-->src\main\AndroidManifest.xml:40:13-47
50            android:screenOrientation="portrait"
50-->src\main\AndroidManifest.xml:41:13-49
51            android:theme="@style/Theme.AppCompat.Light.NoActionBar" />
51-->src\main\AndroidManifest.xml:42:13-69
52        <activity
52-->src\main\AndroidManifest.xml:43:9-46:72
53            android:name="de.mwvb.blockpuzzle.developer.DeveloperActivity"
53-->src\main\AndroidManifest.xml:44:13-56
54            android:screenOrientation="portrait"
54-->src\main\AndroidManifest.xml:45:13-49
55            android:theme="@style/Theme.AppCompat.Light.NoActionBar" />
55-->src\main\AndroidManifest.xml:46:13-69
56        <activity
56-->src\main\AndroidManifest.xml:47:9-50:72
57            android:name="de.mwvb.blockpuzzle.SelectTerritoryActivity"
57-->src\main\AndroidManifest.xml:48:13-52
58            android:screenOrientation="portrait"
58-->src\main\AndroidManifest.xml:49:13-49
59            android:theme="@style/Theme.AppCompat.Light.NoActionBar" />
59-->src\main\AndroidManifest.xml:50:13-69
60        <activity
60-->src\main\AndroidManifest.xml:51:9-54:72
61            android:name="de.mwvb.blockpuzzle.InfoActivity"
61-->src\main\AndroidManifest.xml:52:13-41
62            android:screenOrientation="portrait"
62-->src\main\AndroidManifest.xml:53:13-49
63            android:theme="@style/Theme.AppCompat.Light.NoActionBar" />
63-->src\main\AndroidManifest.xml:54:13-69
64
65        <provider
65-->[androidx.lifecycle:lifecycle-process:2.1.0] AndroidManifest.xml:23:9-27:43
66            android:name="androidx.lifecycle.ProcessLifecycleOwnerInitializer"
66-->[androidx.lifecycle:lifecycle-process:2.1.0] AndroidManifest.xml:24:13-79
67            android:authorities="de.mwvb.blockpuzzle.lifecycle-process"
67-->[androidx.lifecycle:lifecycle-process:2.1.0] AndroidManifest.xml:25:13-69
68            android:exported="false"
68-->[androidx.lifecycle:lifecycle-process:2.1.0] AndroidManifest.xml:26:13-37
69            android:multiprocess="true" />
69-->[androidx.lifecycle:lifecycle-process:2.1.0] AndroidManifest.xml:27:13-40
70    </application>
71
72</manifest>